<?xml version="1.0" encoding="UTF-8"?>
<testng-results ignored="0" total="1" passed="1" failed="0" skipped="0">
  <reporter-output>
  </reporter-output>
  <suite started-at="2024-03-22T14:14:58 IST" name="Default suite" finished-at="2024-03-22T14:15:09 IST" duration-ms="10550">
    <groups>
      <group name="sanity">
        <method signature="DDRealTime02.validLogin(java.lang.String,java.lang.String)[pri:1, instance:dataDrivenTest.DDRealTime02@1be2019a]" name="validLogin" class="dataDrivenTest.DDRealTime02"/>
      </group> <!-- sanity -->
      <group name="positive">
        <method signature="DDRealTime02.validLogin(java.lang.String,java.lang.String)[pri:1, instance:dataDrivenTest.DDRealTime02@1be2019a]" name="validLogin" class="dataDrivenTest.DDRealTime02"/>
      </group> <!-- positive -->
    </groups>
    <test started-at="2024-03-22T14:14:58 IST" name="Default test" finished-at="2024-03-22T14:15:09 IST" duration-ms="10550">
      <class name="dataDrivenTest.DDRealTime02">
        <test-method is-config="true" signature="Setup()[pri:0, instance:dataDrivenTest.DDRealTime02@1be2019a]" started-at="2024-03-22T14:14:57 IST" name="Setup" finished-at="2024-03-22T14:14:58 IST" duration-ms="1391" status="PASS">
          <reporter-output>
          </reporter-output>
        </test-method> <!-- Setup -->
        <test-method signature="validLogin(java.lang.String,java.lang.String)[pri:1, instance:dataDrivenTest.DDRealTime02@1be2019a]" started-at="2024-03-22T14:14:59 IST" name="validLogin" data-provider="credentials" finished-at="2024-03-22T14:15:09 IST" duration-ms="9867" status="PASS">
          <params>
            <param index="0">
              <value>
                <![CDATA[Admin]]>
              </value>
            </param>
            <param index="1">
              <value>
                <![CDATA[Hacker@4321]]>
              </value>
            </param>
          </params>
          <reporter-output>
          </reporter-output>
        </test-method> <!-- validLogin -->
        <test-method is-config="true" signature="teardown()[pri:0, instance:dataDrivenTest.DDRealTime02@1be2019a]" started-at="2024-03-22T14:15:09 IST" name="teardown" finished-at="2024-03-22T14:15:09 IST" duration-ms="143" status="PASS">
          <reporter-output>
          </reporter-output>
        </test-method> <!-- teardown -->
      </class> <!-- dataDrivenTest.DDRealTime02 -->
    </test> <!-- Default test -->
  </suite> <!-- Default suite -->
</testng-results>
